#
# There is insufficient memory for the Java Runtime Environment to continue.
# Native memory allocation (malloc) failed to allocate 32744 bytes for ChunkPool::allocate
# Possible reasons:
#   The system is out of physical RAM or swap space
#   In 32 bit mode, the process size limit was hit
# Possible solutions:
#   Reduce memory load on the system
#   Increase physical memory or swap space
#   Check if swap backing store is full
#   Use 64 bit Java on a 64 bit OS
#   Decrease Java heap size (-Xmx/-Xms)
#   Decrease number of Java threads
#   Decrease Java thread stack sizes (-Xss)
#   Set larger code cache with -XX:ReservedCodeCacheSize=
# This output file may be truncated or incomplete.
#
#  Out of Memory Error (allocation.cpp:273), pid=2804, tid=0x00000000000031f8
#
# JRE version: Java(TM) SE Runtime Environment (8.0_144-b01) (build 1.8.0_144-b01)
# Java VM: Java HotSpot(TM) 64-Bit Server VM (25.144-b01 mixed mode windows-amd64 compressed oops)
# Failed to write core dump. Minidumps are not enabled by default on client versions of Windows
#

---------------  T H R E A D  ---------------

Current thread (0x000000001919d000):  JavaThread "C1 CompilerThread3" daemon [_thread_in_native, id=12792, stack(0x0000000019af0000,0x0000000019bf0000)]

Stack: [0x0000000019af0000,0x0000000019bf0000]
[error occurred during error reporting (printing stack bounds), id 0xc0000005]

Native frames: (J=compiled Java code, j=interpreted, Vv=VM code, C=native code)


Current CompileTask:
C1:  17353 2531       1      
[error occurred during error reporting (printing current compile task), id 0xe0000001]


---------------  P R O C E S S  ---------------

Java Threads: ( => current thread )
  0x000000001b0e3800 JavaThread "RMI TCP Connection(18)-192.168.43.120" daemon [_thread_in_native, id=12056, stack(0x000000001cc70000,0x000000001cd70000)]
  0x000000001b0e5000 JavaThread "RMI TCP Connection(17)-192.168.43.120" daemon [_thread_in_native, id=4740, stack(0x000000001cb70000,0x000000001cc70000)]
  0x000000001abdd000 JavaThread "RMI TCP Connection(15)-192.168.43.120" daemon [_thread_in_native, id=11256, stack(0x000000001ca70000,0x000000001cb70000)]
  0x000000001abdc000 JavaThread "RMI TCP Connection(13)-192.168.43.120" daemon [_thread_in_native, id=11420, stack(0x000000001c970000,0x000000001ca70000)]
  0x000000001abdb800 JavaThread "RMI TCP Connection(11)-192.168.43.120" daemon [_thread_in_native, id=11620, stack(0x000000001c870000,0x000000001c970000)]
  0x000000001abde800 JavaThread "RMI TCP Connection(8)-192.168.43.120" daemon [_thread_in_native, id=12216, stack(0x000000001c370000,0x000000001c470000)]
  0x000000001abdd800 JavaThread "RMI TCP Connection(9)-192.168.43.120" daemon [_thread_in_native, id=14076, stack(0x000000001a4a0000,0x000000001a5a0000)]
  0x000000001884a800 JavaThread "RMI TCP Connection(5)-192.168.43.120" daemon [_thread_in_native, id=6920, stack(0x000000001ba70000,0x000000001bb70000)]
  0x0000000019684000 JavaThread "RMI TCP Connection(3)-192.168.43.120" daemon [_thread_in_native, id=9252, stack(0x000000001a6a0000,0x000000001a7a0000)]
  0x000000001967d000 JavaThread "RMI Scheduler(0)" daemon [_thread_blocked, id=12692, stack(0x000000001a5a0000,0x000000001a6a0000)]
  0x000000001965f000 JavaThread "RMI TCP Connection(1)-127.0.0.1" daemon [_thread_in_native, id=5176, stack(0x000000001a3a0000,0x000000001a4a0000)]
  0x00000000194bb800 JavaThread "RMI TCP Accept-0" daemon [_thread_in_native, id=9904, stack(0x0000000019ef0000,0x0000000019ff0000)]
  0x0000000019471000 JavaThread "RMI TCP Accept-51419" daemon [_thread_in_native, id=12132, stack(0x0000000019df0000,0x0000000019ef0000)]
  0x0000000019466000 JavaThread "RMI TCP Accept-0" daemon [_thread_in_native, id=13324, stack(0x0000000019cf0000,0x0000000019df0000)]
  0x0000000019242800 JavaThread "Service Thread" daemon [_thread_blocked, id=2880, stack(0x0000000019bf0000,0x0000000019cf0000)]
=>0x000000001919d000 JavaThread "C1 CompilerThread3" daemon [_thread_in_native, id=12792, stack(0x0000000019af0000,0x0000000019bf0000)]
  0x000000001919b000 JavaThread "C2 CompilerThread2" daemon [_thread_blocked, id=2808, stack(0x00000000199f0000,0x0000000019af0000)]
  0x0000000019196800 JavaThread "C2 CompilerThread1" daemon [_thread_blocked, id=9268, stack(0x00000000198f0000,0x00000000199f0000)]
  0x0000000019195800 JavaThread "C2 CompilerThread0" daemon [_thread_blocked, id=13164, stack(0x00000000197f0000,0x00000000198f0000)]
  0x0000000018b8e800 JavaThread "Monitor Ctrl-Break" daemon [_thread_in_native, id=11424, stack(0x00000000196f0000,0x00000000197f0000)]
  0x00000000187d8000 JavaThread "Attach Listener" daemon [_thread_blocked, id=5636, stack(0x0000000018df0000,0x0000000018ef0000)]
  0x00000000187d7800 JavaThread "Signal Dispatcher" daemon [_thread_blocked, id=8900, stack(0x0000000018cf0000,0x0000000018df0000)]
  0x00000000187b0800 JavaThread "Finalizer" daemon [_thread_blocked, id=9600, stack(0x0000000018b90000,0x0000000018c90000)]
  0x00000000168bd800 JavaThread "Reference Handler" daemon [_thread_blocked, id=14180, stack(0x0000000018690000,0x0000000018790000)]
  0x00000000029b9800 JavaThread "main" [_thread_in_Java, id=10088, stack(0x0000000002810000,0x0000000002910000)]

Other Threads:
  0x0000000002aae000 VMThread [stack: 0x0000000018590000,0x0000000018690000] [id=13028]
  0x00000000194be000 WatcherThread [stack: 0x0000000019ff0000,0x000000001a0f0000] [id=13044]

VM state:not at safepoint (normal execution)

VM Mutex/Monitor currently owned by a thread: None

Heap:
 PSYoungGen      total 56320K, used 20464K [0x00000000e0700000, 0x00000000e4600000, 0x0000000100000000)
  eden space 49152K, 30% used [0x00000000e0700000,0x00000000e15d2438,0x00000000e3700000)
  from space 7168K, 73% used [0x00000000e3f00000,0x00000000e4429d28,0x00000000e4600000)
  to   space 7680K, 0% used [0x00000000e3700000,0x00000000e3700000,0x00000000e3e80000)
 ParOldGen       total 43008K, used 7712K [0x00000000a1400000, 0x00000000a3e00000, 0x00000000e0700000)
  object space 43008K, 17% used [0x00000000a1400000,0x00000000a1b88360,0x00000000a3e00000)
 Metaspace       used 25488K, capacity 26542K, committed 26752K, reserved 1077248K
  class space    used 3443K, capacity 3705K, committed 3712K, reserved 1048576K

Card table byte_map: [0x0000000011f70000,0x0000000012270000] byte_map_base: 0x0000000011a66000

Marking Bits: (ParMarkBitMap*) 0x000000007013d850
 Begin Bits: [0x0000000012c70000, 0x0000000014420000)
 End Bits:   [0x0000000014420000, 0x0000000015bd0000)

Polling page: 0x00000000003f0000

CodeCache: size=245760Kb used=5376Kb max_used=5376Kb free=240383Kb
 bounds [0x0000000002bb0000, 0x0000000003100000, 0x0000000011bb0000]
 total_blobs=2934 nmethods=2511 adapters=336
 compilation: enabled

Compilation events (10 events):
Event: 17.331 Thread 0x000000001919d000 nmethod 2526 0x00000000030ee1d0 code [0x00000000030ee340, 0x00000000030ee558]
Event: 17.332 Thread 0x000000001919d000 2527   !   1       org.springframework.core.type.filter.AssignableTypeFilter::matchTargetType (72 bytes)
Event: 17.334 Thread 0x000000001919d000 nmethod 2527 0x00000000030ee6d0 code [0x00000000030ee8c0, 0x00000000030eeda8]
Event: 17.334 Thread 0x000000001919d000 2528   !   1       com.sun.proxy.$Proxy19::hashCode (32 bytes)
Event: 17.334 Thread 0x000000001919d000 nmethod 2528 0x00000000030ef350 code [0x00000000030ef4c0, 0x00000000030ef6f8]
Event: 17.334 Thread 0x000000001919d000 2529       1       org.springframework.core.annotation.OrderUtils::getOrder (85 bytes)
Event: 17.335 Thread 0x000000001919d000 nmethod 2529 0x00000000030ef890 code [0x00000000030efaa0, 0x00000000030f00b8]
Event: 17.335 Thread 0x000000001919d000 2530       1       org.springframework.core.type.filter.AbstractTypeHierarchyTraversingFilter::<init> (26 bytes)
Event: 17.335 Thread 0x000000001919d000 nmethod 2530 0x00000000030f07d0 code [0x00000000030f0940, 0x00000000030f0b18]
Event: 17.342 Thread 0x000000001919d000 2531       1       org.springframework.asm.ClassReader::accept (1250 bytes)

GC Heap History (10 events):
Event: 5.029 GC heap before
{Heap before GC invocations=5 (full 0):
 PSYoungGen      total 28672K, used 28666K [0x00000000e0700000, 0x00000000e3f00000, 0x0000000100000000)
  eden space 24576K, 100% used [0x00000000e0700000,0x00000000e1f00000,0x00000000e1f00000)
  from space 4096K, 99% used [0x00000000e2300000,0x00000000e26fea88,0x00000000e2700000)
  to   space 4096K, 0% used [0x00000000e1f00000,0x00000000e1f00000,0x00000000e2300000)
 ParOldGen       total 65536K, used 4485K [0x00000000a1400000, 0x00000000a5400000, 0x00000000e0700000)
  object space 65536K, 6% used [0x00000000a1400000,0x00000000a1861788,0x00000000a5400000)
 Metaspace       used 19027K, capacity 19588K, committed 19840K, reserved 1067008K
  class space    used 2443K, capacity 2608K, committed 2688K, reserved 1048576K
Event: 5.051 GC heap after
Heap after GC invocations=5 (full 0):
 PSYoungGen      total 28672K, used 4074K [0x00000000e0700000, 0x00000000e4700000, 0x0000000100000000)
  eden space 24576K, 0% used [0x00000000e0700000,0x00000000e0700000,0x00000000e1f00000)
  from space 4096K, 99% used [0x00000000e1f00000,0x00000000e22faa98,0x00000000e2300000)
  to   space 8192K, 0% used [0x00000000e3f00000,0x00000000e3f00000,0x00000000e4700000)
 ParOldGen       total 65536K, used 7232K [0x00000000a1400000, 0x00000000a5400000, 0x00000000e0700000)
  object space 65536K, 11% used [0x00000000a1400000,0x00000000a1b10208,0x00000000a5400000)
 Metaspace       used 19027K, capacity 19588K, committed 19840K, reserved 1067008K
  class space    used 2443K, capacity 2608K, committed 2688K, reserved 1048576K
}
Event: 9.067 GC heap before
{Heap before GC invocations=6 (full 0):
 PSYoungGen      total 28672K, used 27003K [0x00000000e0700000, 0x00000000e4700000, 0x0000000100000000)
  eden space 24576K, 93% used [0x00000000e0700000,0x00000000e1d64410,0x00000000e1f00000)
  from space 4096K, 99% used [0x00000000e1f00000,0x00000000e22faa98,0x00000000e2300000)
  to   space 8192K, 0% used [0x00000000e3f00000,0x00000000e3f00000,0x00000000e4700000)
 ParOldGen       total 65536K, used 7232K [0x00000000a1400000, 0x00000000a5400000, 0x00000000e0700000)
  object space 65536K, 11% used [0x00000000a1400000,0x00000000a1b10208,0x00000000a5400000)
 Metaspace       used 20609K, capacity 21248K, committed 21296K, reserved 1067008K
  class space    used 2711K, capacity 2906K, committed 2944K, reserved 1048576K
Event: 9.111 GC heap after
Heap after GC invocations=6 (full 0):
 PSYoungGen      total 56320K, used 5817K [0x00000000e0700000, 0x00000000e4600000, 0x0000000100000000)
  eden space 49152K, 0% used [0x00000000e0700000,0x00000000e0700000,0x00000000e3700000)
  from space 7168K, 81% used [0x00000000e3f00000,0x00000000e44ae608,0x00000000e4600000)
  to   space 7680K, 0% used [0x00000000e3700000,0x00000000e3700000,0x00000000e3e80000)
 ParOldGen       total 65536K, used 7240K [0x00000000a1400000, 0x00000000a5400000, 0x00000000e0700000)
  object space 65536K, 11% used [0x00000000a1400000,0x00000000a1b12208,0x00000000a5400000)
 Metaspace       used 20609K, capacity 21248K, committed 21296K, reserved 1067008K
  class space    used 2711K, capacity 2906K, committed 2944K, reserved 1048576K
}
Event: 9.111 GC heap before
{Heap before GC invocations=7 (full 1):
 PSYoungGen      total 56320K, used 5817K [0x00000000e0700000, 0x00000000e4600000, 0x0000000100000000)
  eden space 49152K, 0% used [0x00000000e0700000,0x00000000e0700000,0x00000000e3700000)
  from space 7168K, 81% used [0x00000000e3f00000,0x00000000e44ae608,0x00000000e4600000)
  to   space 7680K, 0% used [0x00000000e3700000,0x00000000e3700000,0x00000000e3e80000)
 ParOldGen       total 65536K, used 7240K [0x00000000a1400000, 0x00000000a5400000, 0x00000000e0700000)
  object space 65536K, 11% used [0x00000000a1400000,0x00000000a1b12208,0x00000000a5400000)
 Metaspace       used 20609K, capacity 21248K, committed 21296K, reserved 1067008K
  class space    used 2711K, capacity 2906K, committed 2944K, reserved 1048576K
Event: 9.173 GC heap after
Heap after GC invocations=7 (full 1):
 PSYoungGen      total 56320K, used 0K [0x00000000e0700000, 0x00000000e4600000, 0x0000000100000000)
  eden space 49152K, 0% used [0x00000000e0700000,0x00000000e0700000,0x00000000e3700000)
  from space 7168K, 0% used [0x00000000e3f00000,0x00000000e3f00000,0x00000000e4600000)
  to   space 7680K, 0% used [0x00000000e3700000,0x00000000e3700000,0x00000000e3e80000)
 ParOldGen       total 43008K, used 7696K [0x00000000a1400000, 0x00000000a3e00000, 0x00000000e0700000)
  object space 43008K, 17% used [0x00000000a1400000,0x00000000a1b84360,0x00000000a3e00000)
 Metaspace       used 20607K, capacity 21242K, committed 21296K, reserved 1067008K
  class space    used 2711K, capacity 2905K, committed 2944K, reserved 1048576K
}
Event: 12.941 GC heap before
{Heap before GC invocations=8 (full 1):
 PSYoungGen      total 56320K, used 49152K [0x00000000e0700000, 0x00000000e4600000, 0x0000000100000000)
  eden space 49152K, 100% used [0x00000000e0700000,0x00000000e3700000,0x00000000e3700000)
  from space 7168K, 0% used [0x00000000e3f00000,0x00000000e3f00000,0x00000000e4600000)
  to   space 7680K, 0% used [0x00000000e3700000,0x00000000e3700000,0x00000000e3e80000)
 ParOldGen       total 43008K, used 7696K [0x00000000a1400000, 0x00000000a3e00000, 0x00000000e0700000)
  object space 43008K, 17% used [0x00000000a1400000,0x00000000a1b84360,0x00000000a3e00000)
 Metaspace       used 23390K, capacity 24294K, committed 24448K, reserved 1073152K
  class space    used 3131K, capacity 3345K, committed 3456K, reserved 1048576K
Event: 12.968 GC heap after
Heap after GC invocations=8 (full 1):
 PSYoungGen      total 56832K, used 3916K [0x00000000e0700000, 0x00000000e4600000, 0x0000000100000000)
  eden space 49152K, 0% used [0x00000000e0700000,0x00000000e0700000,0x00000000e3700000)
  from space 7680K, 50% used [0x00000000e3700000,0x00000000e3ad30a0,0x00000000e3e80000)
  to   space 7168K, 0% used [0x00000000e3f00000,0x00000000e3f00000,0x00000000e4600000)
 ParOldGen       total 43008K, used 7704K [0x00000000a1400000, 0x00000000a3e00000, 0x00000000e0700000)
  object space 43008K, 17% used [0x00000000a1400000,0x00000000a1b86360,0x00000000a3e00000)
 Metaspace       used 23390K, capacity 24294K, committed 24448K, reserved 1073152K
  class space    used 3131K, capacity 3345K, committed 3456K, reserved 1048576K
}
Event: 17.124 GC heap before
{Heap before GC invocations=9 (full 1):
 PSYoungGen      total 56832K, used 53068K [0x00000000e0700000, 0x00000000e4600000, 0x0000000100000000)
  eden space 49152K, 100% used [0x00000000e0700000,0x00000000e3700000,0x00000000e3700000)
  from space 7680K, 50% used [0x00000000e3700000,0x00000000e3ad30a0,0x00000000e3e80000)
  to   space 7168K, 0% used [0x00000000e3f00000,0x00000000e3f00000,0x00000000e4600000)
 ParOldGen       total 43008K, used 7704K [0x00000000a1400000, 0x00000000a3e00000, 0x00000000e0700000)
  object space 43008K, 17% used [0x00000000a1400000,0x00000000a1b86360,0x00000000a3e00000)
 Metaspace       used 25300K, capacity 26340K, committed 26496K, reserved 1075200K
  class space    used 3408K, capacity 3666K, committed 3712K, reserved 1048576K
Event: 17.137 GC heap after
Heap after GC invocations=9 (full 1):
 PSYoungGen      total 56320K, used 5287K [0x00000000e0700000, 0x00000000e4600000, 0x0000000100000000)
  eden space 49152K, 0% used [0x00000000e0700000,0x00000000e0700000,0x00000000e3700000)
  from space 7168K, 73% used [0x00000000e3f00000,0x00000000e4429d28,0x00000000e4600000)
  to   space 7680K, 0% used [0x00000000e3700000,0x00000000e3700000,0x00000000e3e80000)
 ParOldGen       total 43008K, used 7712K [0x00000000a1400000, 0x00000000a3e00000, 0x00000000e0700000)
  object space 43008K, 17% used [0x00000000a1400000,0x00000000a1b88360,0x00000000a3e00000)
 Metaspace       used 25300K, capacity 26340K, committed 26496K, reserved 1075200K
  class space    used 3408K, capacity 3666K, committed 3712K, reserved 1048576K
}

Deoptimization events (0 events):
No events

Internal exceptions (10 events):
Event: 16.534 Thread 0x00000000029b9800 Exception <a 'java/lang/ClassNotFoundException': org/springframework/core/PriorityOrderedCustomizer> (0x00000000e16db5a0) thrown at [C:\re\workspace\8-2-build-windows-amd64-cygwin\jdk8u144\9417\hotspot\src\share\vm\classfile\systemDictionary.cpp, line 210
Event: 16.536 Thread 0x00000000029b9800 Exception <a 'java/lang/ClassNotFoundException': org/springframework/core/OrderedCustomizer> (0x00000000e16f7c38) thrown at [C:\re\workspace\8-2-build-windows-amd64-cygwin\jdk8u144\9417\hotspot\src\share\vm\classfile\systemDictionary.cpp, line 210]
Event: 16.537 Thread 0x00000000029b9800 Exception <a 'java/lang/ClassNotFoundException': org/springframework/context/ResourceLoaderAwareCustomizer> (0x00000000e171c210) thrown at [C:\re\workspace\8-2-build-windows-amd64-cygwin\jdk8u144\9417\hotspot\src\share\vm\classfile\systemDictionary.cpp, l
Event: 16.539 Thread 0x00000000029b9800 Exception <a 'java/lang/ClassNotFoundException': org/springframework/beans/factory/AwareCustomizer> (0x00000000e173d2b8) thrown at [C:\re\workspace\8-2-build-windows-amd64-cygwin\jdk8u144\9417\hotspot\src\share\vm\classfile\systemDictionary.cpp, line 210]
Event: 16.540 Thread 0x00000000029b9800 Exception <a 'java/lang/ClassNotFoundException': org/springframework/beans/factory/BeanClassLoaderAwareCustomizer> (0x00000000e1764460) thrown at [C:\re\workspace\8-2-build-windows-amd64-cygwin\jdk8u144\9417\hotspot\src\share\vm\classfile\systemDictionary
Event: 16.541 Thread 0x00000000029b9800 Exception <a 'java/lang/ClassNotFoundException': org/springframework/beans/factory/AwareCustomizer> (0x00000000e17855d8) thrown at [C:\re\workspace\8-2-build-windows-amd64-cygwin\jdk8u144\9417\hotspot\src\share\vm\classfile\systemDictionary.cpp, line 210]
Event: 16.542 Thread 0x00000000029b9800 Exception <a 'java/lang/ClassNotFoundException': org/springframework/context/EnvironmentAwareCustomizer> (0x00000000e17a7ae8) thrown at [C:\re\workspace\8-2-build-windows-amd64-cygwin\jdk8u144\9417\hotspot\src\share\vm\classfile\systemDictionary.cpp, line
Event: 16.543 Thread 0x00000000029b9800 Exception <a 'java/lang/ClassNotFoundException': org/springframework/beans/factory/AwareCustomizer> (0x00000000e17c8b40) thrown at [C:\re\workspace\8-2-build-windows-amd64-cygwin\jdk8u144\9417\hotspot\src\share\vm\classfile\systemDictionary.cpp, line 210]
Event: 16.571 Thread 0x00000000029b9800 Exception <a 'java/lang/NoSuchMethodError': java.lang.Object.lambda$comparing$77a9974f$1(Ljava/util/function/Function;Ljava/lang/Object;Ljava/lang/Object;)I> (0x00000000e1817938) thrown at [C:\re\workspace\8-2-build-windows-amd64-cygwin\jdk8u144\9417\hots
Event: 16.911 Thread 0x00000000029b9800 Exception <a 'java/lang/IncompatibleClassChangeError': Found class java.lang.Object, but interface was expected> (0x00000000e28fdcd8) thrown at [C:\re\workspace\8-2-build-windows-amd64-cygwin\jdk8u144\9417\hotspot\src\share\vm\interpreter\linkResolver.cpp

Events (10 events):
Event: 17.325 loading class org/springframework/boot/actuate/management/HeapDumpWebEndpoint
Event: 17.325 loading class org/springframework/boot/actuate/management/HeapDumpWebEndpoint done
Event: 17.329 loading class org/springframework/boot/actuate/management/ThreadDumpEndpoint
Event: 17.329 loading class org/springframework/boot/actuate/management/ThreadDumpEndpoint done
Event: 17.338 loading class org/springframework/boot/actuate/autoconfigure/metrics/CompositeMeterRegistryConfiguration$MultipleNonPrimaryMeterRegistriesCondition
Event: 17.338 loading class org/springframework/boot/actuate/autoconfigure/metrics/CompositeMeterRegistryConfiguration$MultipleNonPrimaryMeterRegistriesCondition done
Event: 17.339 loading class org/springframework/boot/autoconfigure/condition/NoneNestedConditions
Event: 17.339 loading class org/springframework/boot/autoconfigure/condition/NoneNestedConditions done
Event: 17.344 loading class org/springframework/boot/actuate/autoconfigure/metrics/LogbackMetricsAutoConfiguration$LogbackLoggingCondition
Event: 17.344 loading class org/springframework/boot/actuate/autoconfigure/metrics/LogbackMetricsAutoConfiguration$LogbackLoggingCondition done


Dynamic libraries:
0x00007ff6e4250000 - 0x00007ff6e4287000 	D:\Program Files\Java\jdk1.8.0_144\bin\java.exe
0x00007ffd8d100000 - 0x00007ffd8d2f0000 	C:\WINDOWS\SYSTEM32\ntdll.dll
0x00007ffd8c140000 - 0x00007ffd8c1f2000 	C:\WINDOWS\System32\KERNEL32.DLL
0x00007ffd8a6d0000 - 0x00007ffd8a972000 	C:\WINDOWS\System32\KERNELBASE.dll
0x00007ffd8c390000 - 0x00007ffd8c433000 	C:\WINDOWS\System32\ADVAPI32.dll
0x00007ffd8b240000 - 0x00007ffd8b2de000 	C:\WINDOWS\System32\msvcrt.dll
0x00007ffd8c2d0000 - 0x00007ffd8c367000 	C:\WINDOWS\System32\sechost.dll
0x00007ffd8c5b0000 - 0x00007ffd8c6d0000 	C:\WINDOWS\System32\RPCRT4.dll
0x00007ffd8b6b0000 - 0x00007ffd8b843000 	C:\WINDOWS\System32\USER32.dll
0x00007ffd8a980000 - 0x00007ffd8a9a1000 	C:\WINDOWS\System32\win32u.dll
0x00007ffd8c0a0000 - 0x00007ffd8c0c6000 	C:\WINDOWS\System32\GDI32.dll
0x00007ffd8a210000 - 0x00007ffd8a3a4000 	C:\WINDOWS\System32\gdi32full.dll
0x00007ffd8a560000 - 0x00007ffd8a5fe000 	C:\WINDOWS\System32\msvcp_win.dll
0x00007ffd8a090000 - 0x00007ffd8a18a000 	C:\WINDOWS\System32\ucrtbase.dll
0x00007ffd7e060000 - 0x00007ffd7e2e5000 	C:\WINDOWS\WinSxS\amd64_microsoft.windows.common-controls_6595b64144ccf1df_6.0.18362.53_none_a1435cd8519dc9c0\COMCTL32.dll
0x00007ffd8bd60000 - 0x00007ffd8c096000 	C:\WINDOWS\System32\combase.dll
0x00007ffd8a9b0000 - 0x00007ffd8aa31000 	C:\WINDOWS\System32\bcryptPrimitives.dll
0x00007ffd8bd30000 - 0x00007ffd8bd5e000 	C:\WINDOWS\System32\IMM32.DLL
0x00000000701c0000 - 0x0000000070292000 	D:\Program Files\Java\jdk1.8.0_144\jre\bin\msvcr100.dll
0x000000006f920000 - 0x00000000701bd000 	D:\Program Files\Java\jdk1.8.0_144\jre\bin\server\jvm.dll
0x00007ffd8c380000 - 0x00007ffd8c388000 	C:\WINDOWS\System32\PSAPI.DLL
0x00007ffd82b20000 - 0x00007ffd82b2a000 	C:\WINDOWS\SYSTEM32\VERSION.dll
0x00007ffd87cf0000 - 0x00007ffd87cf9000 	C:\WINDOWS\SYSTEM32\WSOCK32.dll
0x00007ffd8c200000 - 0x00007ffd8c26f000 	C:\WINDOWS\System32\WS2_32.dll
0x00007ffd87710000 - 0x00007ffd87734000 	C:\WINDOWS\SYSTEM32\WINMM.dll
0x00007ffd876e0000 - 0x00007ffd8770d000 	C:\WINDOWS\SYSTEM32\winmmbase.dll
0x00007ffd8a190000 - 0x00007ffd8a1da000 	C:\WINDOWS\System32\cfgmgr32.dll
0x000000006f910000 - 0x000000006f91f000 	D:\Program Files\Java\jdk1.8.0_144\jre\bin\verify.dll
0x000000006f8e0000 - 0x000000006f909000 	D:\Program Files\Java\jdk1.8.0_144\jre\bin\java.dll
0x000000006f890000 - 0x000000006f8b3000 	D:\Program Files\Java\jdk1.8.0_144\jre\bin\instrument.dll
0x000000006f8c0000 - 0x000000006f8d6000 	D:\Program Files\Java\jdk1.8.0_144\jre\bin\zip.dll
0x00007ffd8c880000 - 0x00007ffd8cf60000 	C:\WINDOWS\System32\SHELL32.dll
0x00007ffd8b410000 - 0x00007ffd8b4b9000 	C:\WINDOWS\System32\shcore.dll
0x00007ffd8aa40000 - 0x00007ffd8b1bb000 	C:\WINDOWS\System32\windows.storage.dll
0x00007ffd8a070000 - 0x00007ffd8a08f000 	C:\WINDOWS\System32\profapi.dll
0x00007ffd89fe0000 - 0x00007ffd8a02a000 	C:\WINDOWS\System32\powrprof.dll
0x00007ffd89fd0000 - 0x00007ffd89fe0000 	C:\WINDOWS\System32\UMPDC.dll
0x00007ffd8c0d0000 - 0x00007ffd8c122000 	C:\WINDOWS\System32\shlwapi.dll
0x00007ffd8a030000 - 0x00007ffd8a041000 	C:\WINDOWS\System32\kernel.appcore.dll
0x00007ffd8a6b0000 - 0x00007ffd8a6c7000 	C:\WINDOWS\System32\cryptsp.dll
0x00007ffd84440000 - 0x00007ffd8445a000 	D:\Program Files\JetBrains\IntelliJ IDEA 2017.2.5\bin\breakgen64.dll
0x000000006f780000 - 0x000000006f79a000 	D:\Program Files\Java\jdk1.8.0_144\jre\bin\net.dll
0x00007ffd897b0000 - 0x00007ffd89817000 	C:\WINDOWS\system32\mswsock.dll
0x000000006f880000 - 0x000000006f88d000 	D:\Program Files\Java\jdk1.8.0_144\jre\bin\management.dll
0x000000006f760000 - 0x000000006f771000 	D:\Program Files\Java\jdk1.8.0_144\jre\bin\nio.dll
0x00007ffd6f2f0000 - 0x00007ffd6f306000 	C:\WINDOWS\system32\napinsp.dll
0x00007ffd74fa0000 - 0x00007ffd74fba000 	C:\WINDOWS\system32\pnrpnsp.dll
0x00007ffd6b7d0000 - 0x00007ffd6b7e5000 	C:\WINDOWS\system32\wshbth.dll
0x00007ffd86370000 - 0x00007ffd8638c000 	C:\WINDOWS\system32\NLAapi.dll
0x00007ffd89510000 - 0x00007ffd8954a000 	C:\WINDOWS\SYSTEM32\IPHLPAPI.DLL
0x00007ffd89560000 - 0x00007ffd8962a000 	C:\WINDOWS\SYSTEM32\DNSAPI.dll
0x00007ffd8c370000 - 0x00007ffd8c378000 	C:\WINDOWS\System32\NSI.dll
0x00007ffd75750000 - 0x00007ffd7575e000 	C:\WINDOWS\System32\winrnr.dll
0x00007ffd79490000 - 0x00007ffd7949a000 	C:\Windows\System32\rasadhlp.dll
0x00007ffd7f220000 - 0x00007ffd7f297000 	C:\WINDOWS\System32\fwpuclnt.dll
0x00007ffd8a1e0000 - 0x00007ffd8a206000 	C:\WINDOWS\System32\bcrypt.dll
0x00007ffd89370000 - 0x00007ffd893a3000 	C:\WINDOWS\system32\rsaenh.dll
0x00007ffd89ef0000 - 0x00007ffd89f15000 	C:\WINDOWS\SYSTEM32\USERENV.dll
0x00007ffd89980000 - 0x00007ffd8998c000 	C:\WINDOWS\SYSTEM32\CRYPTBASE.dll
0x00007ffd7f8a0000 - 0x00007ffd7f8b6000 	C:\WINDOWS\SYSTEM32\dhcpcsvc6.DLL
0x00007ffd7f9e0000 - 0x00007ffd7f9fc000 	C:\WINDOWS\SYSTEM32\dhcpcsvc.DLL

VM Arguments:
jvm_args: -XX:TieredStopAtLevel=1 -Xverify:none -Dspring.profiles.active=peer1 -Dspring.output.ansi.enabled=always -Dcom.sun.management.jmxremote -Dcom.sun.management.jmxremote.port=51419 -Dcom.sun.management.jmxremote.authenticate=false -Dcom.sun.management.jmxremote.ssl=false -Dspring.liveBeansView.mbeanDomain -Dspring.application.admin.enabled=true -javaagent:D:\Program Files\JetBrains\IntelliJ IDEA 2017.2.5\lib\idea_rt.jar=51420:D:\Program Files\JetBrains\IntelliJ IDEA 2017.2.5\bin -Dfile.encoding=UTF-8 
java_command: com.zkng.eurekaserver.EurekaServerApplication
java_class_path (initial): D:\Program Files\Java\jdk1.8.0_144\jre\lib\charsets.jar;D:\Program Files\Java\jdk1.8.0_144\jre\lib\deploy.jar;D:\Program Files\Java\jdk1.8.0_144\jre\lib\ext\access-bridge-64.jar;D:\Program Files\Java\jdk1.8.0_144\jre\lib\ext\cldrdata.jar;D:\Program Files\Java\jdk1.8.0_144\jre\lib\ext\dnsns.jar;D:\Program Files\Java\jdk1.8.0_144\jre\lib\ext\jaccess.jar;D:\Program Files\Java\jdk1.8.0_144\jre\lib\ext\jfxrt.jar;D:\Program Files\Java\jdk1.8.0_144\jre\lib\ext\localedata.jar;D:\Program Files\Java\jdk1.8.0_144\jre\lib\ext\nashorn.jar;D:\Program Files\Java\jdk1.8.0_144\jre\lib\ext\sunec.jar;D:\Program Files\Java\jdk1.8.0_144\jre\lib\ext\sunjce_provider.jar;D:\Program Files\Java\jdk1.8.0_144\jre\lib\ext\sunmscapi.jar;D:\Program Files\Java\jdk1.8.0_144\jre\lib\ext\sunpkcs11.jar;D:\Program Files\Java\jdk1.8.0_144\jre\lib\ext\zipfs.jar;D:\Program Files\Java\jdk1.8.0_144\jre\lib\javaws.jar;D:\Program Files\Java\jdk1.8.0_144\jre\lib\jce.jar;D:\Program Files\Java\jdk1.8.0_144\jre\lib\jfr.jar;D:\Program Files\Java\jdk1.8.0_144\jre\lib\jfxswt.jar;D:\Program Files\Java\jdk1.8.0_144\jre\lib\jsse.jar;D:\Program Files\Java\jdk1.8.0_144\jre\lib\management-agent.jar;D:\Program Files\Java\jdk1.8.0_144\jre\lib\plugin.jar;D:\Program Files\Java\jdk1.8.0_144\jre\lib\resources.jar;D:\Program Files\Java\jdk1.8.0_144\jre\lib\rt.jar;E:\code\idea\springcloud\eureka-server\target\classes;E:\code\idea\springcloud\vo\target\classes;D:\Program Files\warehouses\warehouse\org\springframework\boot\spring-boot-starter\2.1.10.RELEASE\spring-boot-starter-2.1.10.RELEASE.jar;D:\Program Files\warehouses\warehouse\org\springframework\boot\spring-boot\2.1.10.RELEASE\spring-boot-2.1.10.RELEASE.jar;D:\Program Files\warehouses\warehouse\org\springframework\spring-context\5.1.11.RELEASE\spring-context-5.1.11.RELEASE.jar;D:\Program Files\warehouses\warehouse\org\springframework\spring-expression\5.1.11.RELEASE\spring-expression-5.1.11.RELEASE.jar;D:\Program Files\warehouses\warehouse\org\sp
Launcher Type: SUN_STANDARD

Environment Variables:
JAVA_HOME=D:\Program Files\Java\jdk1.8.0_144
PATH=C:\WINDOWS\system32;C:\WINDOWS;C:\WINDOWS\System32\Wbem;C:\WINDOWS\System32\WindowsPowerShell\v1.0\;C:\WINDOWS\System32\OpenSSH\;D:\Program Files\Java\jdk1.8.0_144\bin;D:\Program Files\apache-tomcat-8.0.52\bin;D:\Program Files\apache-maven-3.6.1\bin;D:\Program Files\node-v12.13.0-win-x64;D:\Program Files\node-v12.13.0-win-x64\node_global;C:\Users\lenovo\AppData\Local\Microsoft\WindowsApps;
USERNAME=lenovo
OS=Windows_NT
PROCESSOR_IDENTIFIER=AMD64 Family 23 Model 24 Stepping 1, AuthenticAMD



---------------  S Y S T E M  ---------------

OS: Windows 10.0 , 64 bit Build 18362 (10.0.18362.53)

CPU:total 8 (initial active 8) (8 cores per cpu, 1 threads per core) family 23 model 24 stepping 1, cmov, cx8, fxsr, mmx, sse, sse2, sse3, ssse3, sse4.1, sse4.2, popcnt, avx, avx2, aes, clmul, mmxext, 3dnowpref, lzcnt, sse4a, tsc, tscinvbit, tscinv, bmi1

Memory: 4k page, physical 6207948k(263840k free), swap 11327948k(5284k free)

vm_info: Java HotSpot(TM) 64-Bit Server VM (25.144-b01) for windows-amd64 JRE (1.8.0_144-b01), built on Jul 21 2017 21:57:33 by "java_re" with MS VC++ 10.0 (VS2010)

time: Mon Dec 09 14:34:46 2019
elapsed time: 17 seconds (0d 0h 0m 17s)

